<?xml version="1.0" encoding="UTF-8"?>
<!-- Generated by org.testng.reporters.JUnitReportReporter -->
<testsuite skipped="0" hostname="Lenovo320" name="com.inetbanking.testcases.Tc001_logintest" tests="1" failures="0" timestamp="23 Jul 2022 16:56:22 GMT" time="64.467" errors="0">
  <testcase name="login" time="64.467" classname="com.inetbanking.testcases.Tc001_logintest"/>
</testsuite> <!-- com.inetbanking.testcases.Tc001_logintest -->
